=== puma startup: 2023-11-13 08:09:46 +0000 ===
bundler: failed to load command: puma (/var/www/expired-foods/vendor/bundle/ruby/3.0.0/bin/puma)
/var/www/expired-foods/vendor/bundle/ruby/3.0.0/gems/puma-5.6.7/lib/puma/launcher.rb:259:in `write': No such file or directory @ rb_sysopen - /var/www/expired-foods/config/tmp/pids/puma.pid (Errno::ENOENT)
	from /var/www/expired-foods/vendor/bundle/ruby/3.0.0/gems/puma-5.6.7/lib/puma/launcher.rb:259:in `write_pid'
	from /var/www/expired-foods/vendor/bundle/ruby/3.0.0/gems/puma-5.6.7/lib/puma/launcher.rb:112:in `write_state'
	from /var/www/expired-foods/vendor/bundle/ruby/3.0.0/gems/puma-5.6.7/lib/puma/cluster.rb:406:in `run'
	from /var/www/expired-foods/vendor/bundle/ruby/3.0.0/gems/puma-5.6.7/lib/puma/launcher.rb:193:in `run'
	from /var/www/expired-foods/vendor/bundle/ruby/3.0.0/gems/puma-5.6.7/lib/puma/cli.rb:81:in `run'
	from /var/www/expired-foods/vendor/bundle/ruby/3.0.0/gems/puma-5.6.7/bin/puma:10:in `<top (required)>'
	from /var/www/expired-foods/vendor/bundle/ruby/3.0.0/bin/puma:23:in `load'
	from /var/www/expired-foods/vendor/bundle/ruby/3.0.0/bin/puma:23:in `<top (required)>'
	from /home/ec2-user/.rbenv/versions/3.0.2/lib/ruby/gems/3.0.0/gems/bundler-2.4.17/lib/bundler/cli/exec.rb:58:in `load'
	from /home/ec2-user/.rbenv/versions/3.0.2/lib/ruby/gems/3.0.0/gems/bundler-2.4.17/lib/bundler/cli/exec.rb:58:in `kernel_load'
	from /home/ec2-user/.rbenv/versions/3.0.2/lib/ruby/gems/3.0.0/gems/bundler-2.4.17/lib/bundler/cli/exec.rb:23:in `run'
	from /home/ec2-user/.rbenv/versions/3.0.2/lib/ruby/gems/3.0.0/gems/bundler-2.4.17/lib/bundler/cli.rb:492:in `exec'
	from /home/ec2-user/.rbenv/versions/3.0.2/lib/ruby/gems/3.0.0/gems/bundler-2.4.17/lib/bundler/vendor/thor/lib/thor/command.rb:27:in `run'
	from /home/ec2-user/.rbenv/versions/3.0.2/lib/ruby/gems/3.0.0/gems/bundler-2.4.17/lib/bundler/vendor/thor/lib/thor/invocation.rb:127:in `invoke_command'
	from /home/ec2-user/.rbenv/versions/3.0.2/lib/ruby/gems/3.0.0/gems/bundler-2.4.17/lib/bundler/vendor/thor/lib/thor.rb:392:in `dispatch'
	from /home/ec2-user/.rbenv/versions/3.0.2/lib/ruby/gems/3.0.0/gems/bundler-2.4.17/lib/bundler/cli.rb:34:in `dispatch'
	from /home/ec2-user/.rbenv/versions/3.0.2/lib/ruby/gems/3.0.0/gems/bundler-2.4.17/lib/bundler/vendor/thor/lib/thor/base.rb:485:in `start'
	from /home/ec2-user/.rbenv/versions/3.0.2/lib/ruby/gems/3.0.0/gems/bundler-2.4.17/lib/bundler/cli.rb:28:in `start'
	from /home/ec2-user/.rbenv/versions/3.0.2/lib/ruby/gems/3.0.0/gems/bundler-2.4.17/exe/bundle:37:in `block in <top (required)>'
	from /home/ec2-user/.rbenv/versions/3.0.2/lib/ruby/gems/3.0.0/gems/bundler-2.4.17/lib/bundler/friendly_errors.rb:117:in `with_friendly_errors'
	from /home/ec2-user/.rbenv/versions/3.0.2/lib/ruby/gems/3.0.0/gems/bundler-2.4.17/exe/bundle:29:in `<top (required)>'
	from /home/ec2-user/.rbenv/versions/3.0.2/bin/bundle:23:in `load'
	from /home/ec2-user/.rbenv/versions/3.0.2/bin/bundle:23:in `<main>'
=== puma startup: 2023-11-13 08:12:53 +0000 ===
bundler: failed to load command: puma (/var/www/expired-foods/vendor/bundle/ruby/3.0.0/bin/puma)
/var/www/expired-foods/vendor/bundle/ruby/3.0.0/gems/puma-5.6.7/lib/puma/launcher.rb:259:in `write': No such file or directory @ rb_sysopen - /var/www/expired-foods/config/tmp/pids/puma.pid (Errno::ENOENT)
	from /var/www/expired-foods/vendor/bundle/ruby/3.0.0/gems/puma-5.6.7/lib/puma/launcher.rb:259:in `write_pid'
	from /var/www/expired-foods/vendor/bundle/ruby/3.0.0/gems/puma-5.6.7/lib/puma/launcher.rb:112:in `write_state'
	from /var/www/expired-foods/vendor/bundle/ruby/3.0.0/gems/puma-5.6.7/lib/puma/cluster.rb:406:in `run'
	from /var/www/expired-foods/vendor/bundle/ruby/3.0.0/gems/puma-5.6.7/lib/puma/launcher.rb:193:in `run'
	from /var/www/expired-foods/vendor/bundle/ruby/3.0.0/gems/puma-5.6.7/lib/puma/cli.rb:81:in `run'
	from /var/www/expired-foods/vendor/bundle/ruby/3.0.0/gems/puma-5.6.7/bin/puma:10:in `<top (required)>'
	from /var/www/expired-foods/vendor/bundle/ruby/3.0.0/bin/puma:23:in `load'
	from /var/www/expired-foods/vendor/bundle/ruby/3.0.0/bin/puma:23:in `<top (required)>'
	from /home/ec2-user/.rbenv/versions/3.0.2/lib/ruby/gems/3.0.0/gems/bundler-2.4.17/lib/bundler/cli/exec.rb:58:in `load'
	from /home/ec2-user/.rbenv/versions/3.0.2/lib/ruby/gems/3.0.0/gems/bundler-2.4.17/lib/bundler/cli/exec.rb:58:in `kernel_load'
	from /home/ec2-user/.rbenv/versions/3.0.2/lib/ruby/gems/3.0.0/gems/bundler-2.4.17/lib/bundler/cli/exec.rb:23:in `run'
	from /home/ec2-user/.rbenv/versions/3.0.2/lib/ruby/gems/3.0.0/gems/bundler-2.4.17/lib/bundler/cli.rb:492:in `exec'
	from /home/ec2-user/.rbenv/versions/3.0.2/lib/ruby/gems/3.0.0/gems/bundler-2.4.17/lib/bundler/vendor/thor/lib/thor/command.rb:27:in `run'
	from /home/ec2-user/.rbenv/versions/3.0.2/lib/ruby/gems/3.0.0/gems/bundler-2.4.17/lib/bundler/vendor/thor/lib/thor/invocation.rb:127:in `invoke_command'
	from /home/ec2-user/.rbenv/versions/3.0.2/lib/ruby/gems/3.0.0/gems/bundler-2.4.17/lib/bundler/vendor/thor/lib/thor.rb:392:in `dispatch'
	from /home/ec2-user/.rbenv/versions/3.0.2/lib/ruby/gems/3.0.0/gems/bundler-2.4.17/lib/bundler/cli.rb:34:in `dispatch'
	from /home/ec2-user/.rbenv/versions/3.0.2/lib/ruby/gems/3.0.0/gems/bundler-2.4.17/lib/bundler/vendor/thor/lib/thor/base.rb:485:in `start'
	from /home/ec2-user/.rbenv/versions/3.0.2/lib/ruby/gems/3.0.0/gems/bundler-2.4.17/lib/bundler/cli.rb:28:in `start'
	from /home/ec2-user/.rbenv/versions/3.0.2/lib/ruby/gems/3.0.0/gems/bundler-2.4.17/exe/bundle:37:in `block in <top (required)>'
	from /home/ec2-user/.rbenv/versions/3.0.2/lib/ruby/gems/3.0.0/gems/bundler-2.4.17/lib/bundler/friendly_errors.rb:117:in `with_friendly_errors'
	from /home/ec2-user/.rbenv/versions/3.0.2/lib/ruby/gems/3.0.0/gems/bundler-2.4.17/exe/bundle:29:in `<top (required)>'
	from /home/ec2-user/.rbenv/versions/3.0.2/bin/bundle:23:in `load'
	from /home/ec2-user/.rbenv/versions/3.0.2/bin/bundle:23:in `<main>'
=== puma startup: 2023-11-13 08:20:00 +0000 ===
=== puma startup: 2023-11-13 08:44:21 +0000 ===
=== puma startup: 2023-11-13 09:31:58 +0000 ===
=== puma startup: 2023-11-13 11:39:27 +0000 ===
=== puma startup: 2023-11-13 14:09:08 +0000 ===
=== puma startup: 2023-11-13 14:18:40 +0000 ===
=== puma startup: 2023-11-13 15:17:34 +0000 ===
=== puma startup: 2023-11-13 15:23:37 +0000 ===
=== puma startup: 2023-11-13 15:28:42 +0000 ===
WARNING: MYSQL_OPT_RECONNECT is deprecated and will be removed in a future version.
WARNING: MYSQL_OPT_RECONNECT is deprecated and will be removed in a future version.
WARNING: MYSQL_OPT_RECONNECT is deprecated and will be removed in a future version.
WARNING: MYSQL_OPT_RECONNECT is deprecated and will be removed in a future version.
WARNING: MYSQL_OPT_RECONNECT is deprecated and will be removed in a future version.
WARNING: MYSQL_OPT_RECONNECT is deprecated and will be removed in a future version.
WARNING: MYSQL_OPT_RECONNECT is deprecated and will be removed in a future version.
WARNING: MYSQL_OPT_RECONNECT is deprecated and will be removed in a future version.
WARNING: MYSQL_OPT_RECONNECT is deprecated and will be removed in a future version.
WARNING: MYSQL_OPT_RECONNECT is deprecated and will be removed in a future version.
WARNING: MYSQL_OPT_RECONNECT is deprecated and will be removed in a future version.
WARNING: MYSQL_OPT_RECONNECT is deprecated and will be removed in a future version.
WARNING: MYSQL_OPT_RECONNECT is deprecated and will be removed in a future version.
WARNING: MYSQL_OPT_RECONNECT is deprecated and will be removed in a future version.
WARNING: MYSQL_OPT_RECONNECT is deprecated and will be removed in a future version.
WARNING: MYSQL_OPT_RECONNECT is deprecated and will be removed in a future version.
WARNING: MYSQL_OPT_RECONNECT is deprecated and will be removed in a future version.
WARNING: MYSQL_OPT_RECONNECT is deprecated and will be removed in a future version.
WARNING: MYSQL_OPT_RECONNECT is deprecated and will be removed in a future version.
WARNING: MYSQL_OPT_RECONNECT is deprecated and will be removed in a future version.
WARNING: MYSQL_OPT_RECONNECT is deprecated and will be removed in a future version.
WARNING: MYSQL_OPT_RECONNECT is deprecated and will be removed in a future version.
WARNING: MYSQL_OPT_RECONNECT is deprecated and will be removed in a future version.
WARNING: MYSQL_OPT_RECONNECT is deprecated and will be removed in a future version.
WARNING: MYSQL_OPT_RECONNECT is deprecated and will be removed in a future version.
