=== puma startup: 2023-11-13 08:09:46 +0000 ===
=== puma startup: 2023-11-13 08:12:53 +0000 ===
=== puma startup: 2023-11-13 08:20:00 +0000 ===
[5535] - Worker 1 (PID: 5552) booted in 5.14s, phase: 0
[5535] - Worker 0 (PID: 5551) booted in 5.14s, phase: 0
[5535] - Gracefully shutting down workers...
[5535] === puma shutdown: 2023-11-13 08:20:16 +0000 ===
[5535] - Goodbye!
=== puma startup: 2023-11-13 08:44:21 +0000 ===
[5645] - Worker 1 (PID: 5662) booted in 3.49s, phase: 0
[5645] - Worker 0 (PID: 5661) booted in 3.49s, phase: 0
[5645] - Gracefully shutting down workers...
[5645] === puma shutdown: 2023-11-13 08:44:29 +0000 ===
[5645] - Goodbye!
=== puma startup: 2023-11-13 09:31:58 +0000 ===
[5884] - Worker 0 (PID: 5900) booted in 3.51s, phase: 0
[5884] - Worker 1 (PID: 5901) booted in 3.51s, phase: 0
[5884] - Gracefully shutting down workers...
[5884] === puma shutdown: 2023-11-13 09:32:10 +0000 ===
[5884] - Goodbye!
=== puma startup: 2023-11-13 11:39:27 +0000 ===
[6400] - Worker 1 (PID: 6403) booted in 3.41s, phase: 0
[6400] - Worker 0 (PID: 6402) booted in 3.41s, phase: 0
[6400] === puma shutdown: 2023-11-13 14:08:58 +0000 ===
[6400] - Goodbye!
[6400] - Gracefully shutting down workers...
=== puma startup: 2023-11-13 14:09:08 +0000 ===
[7008] - Worker 1 (PID: 7011) booted in 0.0s, phase: 0
[7008] - Worker 0 (PID: 7010) booted in 0.0s, phase: 0
[7008] === puma shutdown: 2023-11-13 14:18:29 +0000 ===
[7008] - Goodbye!
[7008] - Gracefully shutting down workers...
Exiting
=== puma startup: 2023-11-13 14:18:40 +0000 ===
[7114] - Worker 0 (PID: 7116) booted in 0.01s, phase: 0
[7114] - Worker 1 (PID: 7117) booted in 0.01s, phase: 0
[7114] === puma shutdown: 2023-11-13 15:14:20 +0000 ===
[7114] - Goodbye!
[7114] - Gracefully shutting down workers...
Exiting
=== puma startup: 2023-11-13 15:17:34 +0000 ===
[7538] - Worker 1 (PID: 7541) booted in 0.0s, phase: 0
[7538] - Worker 0 (PID: 7540) booted in 0.0s, phase: 0
[7538] === puma shutdown: 2023-11-13 15:22:22 +0000 ===
[7538] - Goodbye!
[7538] - Gracefully shutting down workers...
Exiting
=== puma startup: 2023-11-13 15:23:37 +0000 ===
[7684] - Worker 0 (PID: 7686) booted in 0.0s, phase: 0
[7684] - Worker 1 (PID: 7687) booted in 0.0s, phase: 0
[7684] === puma shutdown: 2023-11-13 15:24:58 +0000 ===
[7684] - Goodbye!
[7684] - Gracefully shutting down workers...
Exiting
=== puma startup: 2023-11-13 15:28:42 +0000 ===
[7782] - Worker 0 (PID: 7784) booted in 0.0s, phase: 0
[7782] - Worker 1 (PID: 7785) booted in 0.0s, phase: 0
[7782] ! Terminating timed out worker (worker failed to check in within 60 seconds): 7784
[7782] ! Terminating timed out worker (worker failed to check in within 60 seconds): 7785
[7782] ! Out-of-sync worker list, no 7784 worker
[7782] - Worker 0 (PID: 8061) booted in 0.01s, phase: 0
[7782] - Worker 1 (PID: 8063) booted in 0.03s, phase: 0
[7782] ! Terminating timed out worker (worker failed to check in within 60 seconds): 8061
[7782] ! Out-of-sync worker list, no 8061 worker
[7782] ! Out-of-sync worker list, no 8061 worker
[7782] - Worker 0 (PID: 8370) booted in 0.05s, phase: 0
[7782] ! Terminating timed out worker (worker failed to check in within 60 seconds): 8063
[7782] ! Terminating timed out worker (worker failed to check in within 60 seconds): 8370
[7782] - Worker 1 (PID: 8444) booted in 0.01s, phase: 0
[7782] - Worker 0 (PID: 8446) booted in 0.03s, phase: 0
[7782] ! Terminating timed out worker (worker failed to check in within 60 seconds): 8444
[7782] - Worker 1 (PID: 8514) booted in 0.0s, phase: 0
